<?xml version="1.0" encoding="UTF-8"?>
<!-- Generated by org.testng.reporters.JUnitXMLReporter -->
<testsuite hostname="daniel-ThinkPad-E420" name="Disco" tests="1" failures="0" timestamp="27 Apr 2015 18:54:04 GMT" time="0.07" errors="0">
  <testcase name="@BeforeTest openDriver" time="0.0" classname="bots.disco.DiscoBot">
    <failure type="java.lang.IllegalStateException" message="The driver executable is a directory: /home/daniel/Public/Trabajo/SuperAhorro/GIT/Super-ahorro/bots">
      <![CDATA[java.lang.IllegalStateException: The driver executable is a directory: /home/daniel/Public/Trabajo/SuperAhorro/GIT/Super-ahorro/bots
	at com.google.common.base.Preconditions.checkState(Preconditions.java:197)
	at org.openqa.selenium.remote.service.DriverService.checkExecutable(DriverService.java:119)
	at org.openqa.selenium.remote.service.DriverService.findExecutable(DriverService.java:112)
	at org.openqa.selenium.chrome.ChromeDriverService.createDefaultService(ChromeDriverService.java:89)
	at org.openqa.selenium.chrome.ChromeDriver.<init>(ChromeDriver.java:117)
	at configuration.ConfigurationLoaderGui.openDriver(ConfigurationLoaderGui.java:27)
... Removed 22 stack frames]]>
    </failure>
  </testcase> <!-- @BeforeTest openDriver -->
  <testcase name="@AfterMethod addScreenshot" time="0.0" classname="bots.disco.DiscoBot">
    <skipped/>
  </testcase> <!-- @AfterMethod addScreenshot -->
  <testcase name="@AfterMethod logPossibleUsefulData" time="0.0" classname="bots.disco.DiscoBot">
    <skipped/>
  </testcase> <!-- @AfterMethod logPossibleUsefulData -->
  <testcase name="run" time="0.001" classname="bots.disco.DiscoBot">
    <skipped/>
  </testcase> <!-- run -->
</testsuite> <!-- Disco -->
