<?xml version="1.0" encoding="UTF-8"?>
<!-- Generated by org.testng.reporters.JUnitXMLReporter -->
<testsuite hostname="Irene-PC" name="Vea" tests="1" failures="0" timestamp="3 Apr 2015 13:28:59 GMT" time="8683.805" errors="0">
  <testcase name="@AfterTest addScreenshot" time="0.0" classname="services.vea.VeaBot">
    <failure type="java.lang.IllegalArgumentException" message="wrong number of arguments">
      <![CDATA[java.lang.IllegalArgumentException: wrong number of arguments
... Removed 22 stack frames]]>
    </failure>
  </testcase> <!-- @AfterTest addScreenshot -->
  <testcase name="@AfterTest closeDriver" time="0.0" classname="services.vea.VeaBot">
    <skipped/>
  </testcase> <!-- @AfterTest closeDriver -->
  <testcase name="run" time="8680.717" classname="services.vea.VeaBot"/>
</testsuite> <!-- Vea -->
