<?xml version="1.0" encoding="UTF-8"?>
<!-- Generated by org.testng.reporters.JUnitXMLReporter -->
<testsuite hostname="Irene-PC" name="Disco" tests="1" failures="1" timestamp="27 Apr 2015 00:36:46 GMT" time="368.641" errors="0">
  <testcase name="run" time="364.193" classname="bots.disco.DiscoBot">
    <failure type="java.lang.IndexOutOfBoundsException" message="Index: 34, Size: 34">
      <![CDATA[java.lang.IndexOutOfBoundsException: Index: 34, Size: 34
	at java.util.ArrayList.RangeCheck(Unknown Source)
	at java.util.ArrayList.get(Unknown Source)
	at org.openqa.selenium.support.pagefactory.internal.LocatingElementListHandler.invoke(LocatingElementListHandler.java:38)
	at $Proxy12.get(Unknown Source)
	at bots.disco.DiscoBot.setAllProducts(DiscoBot.java:154)
	at bots.disco.DiscoBot.run(DiscoBot.java:41)
... Removed 27 stack frames]]>
    </failure>
  </testcase> <!-- run -->
</testsuite> <!-- Disco -->
