<?xml version="1.0" encoding="UTF-8"?>
<testng-results skipped="0" failed="1" total="1" passed="0">
  <reporter-output>
  </reporter-output>
  <suite name="Disco" duration-ms="368641" started-at="2015-04-27T00:30:38Z" finished-at="2015-04-27T00:36:46Z">
    <groups>
    </groups>
    <test name="Disco" duration-ms="368641" started-at="2015-04-27T00:30:38Z" finished-at="2015-04-27T00:36:46Z">
      <class name="bots.disco.DiscoBot">
        <test-method status="PASS" signature="openDriver()[pri:0, instance:bots.disco.DiscoBot@5a4fdf11]" name="openDriver" is-config="true" duration-ms="2701" started-at="2015-04-26T21:30:38Z" finished-at="2015-04-26T21:30:40Z">
          <reporter-output>
          </reporter-output>
        </test-method> <!-- openDriver -->
        <test-method status="FAIL" signature="run()[pri:0, instance:bots.disco.DiscoBot@5a4fdf11]" name="run" duration-ms="364193" started-at="2015-04-26T21:30:40Z" finished-at="2015-04-26T21:36:45Z">
          <exception class="java.lang.IndexOutOfBoundsException">
            <message>
              <![CDATA[Index: 34, Size: 34]]>
            </message>
            <full-stacktrace>
              <![CDATA[java.lang.IndexOutOfBoundsException: Index: 34, Size: 34
	at java.util.ArrayList.RangeCheck(Unknown Source)
	at java.util.ArrayList.get(Unknown Source)
	at sun.reflect.GeneratedMethodAccessor5.invoke(Unknown Source)
	at sun.reflect.DelegatingMethodAccessorImpl.invoke(Unknown Source)
	at java.lang.reflect.Method.invoke(Unknown Source)
	at org.openqa.selenium.support.pagefactory.internal.LocatingElementListHandler.invoke(LocatingElementListHandler.java:38)
	at $Proxy12.get(Unknown Source)
	at bots.disco.DiscoBot.setAllProducts(DiscoBot.java:154)
	at bots.disco.DiscoBot.run(DiscoBot.java:41)
	at sun.reflect.NativeMethodAccessorImpl.invoke0(Native Method)
	at sun.reflect.NativeMethodAccessorImpl.invoke(Unknown Source)
	at sun.reflect.DelegatingMethodAccessorImpl.invoke(Unknown Source)
	at java.lang.reflect.Method.invoke(Unknown Source)
	at org.testng.internal.MethodInvocationHelper.invokeMethod(MethodInvocationHelper.java:84)
	at org.testng.internal.Invoker.invokeMethod(Invoker.java:714)
	at org.testng.internal.Invoker.invokeTestMethod(Invoker.java:901)
	at org.testng.internal.Invoker.invokeTestMethods(Invoker.java:1231)
	at org.testng.internal.TestMethodWorker.invokeTestMethods(TestMethodWorker.java:127)
	at org.testng.internal.TestMethodWorker.run(TestMethodWorker.java:111)
	at org.testng.TestRunner.privateRun(TestRunner.java:767)
	at org.testng.TestRunner.run(TestRunner.java:617)
	at org.testng.SuiteRunner.runTest(SuiteRunner.java:334)
	at org.testng.SuiteRunner.runSequentially(SuiteRunner.java:329)
	at org.testng.SuiteRunner.privateRun(SuiteRunner.java:291)
	at org.testng.SuiteRunner.run(SuiteRunner.java:240)
	at org.testng.SuiteRunnerWorker.runSuite(SuiteRunnerWorker.java:52)
	at org.testng.SuiteRunnerWorker.run(SuiteRunnerWorker.java:86)
	at org.testng.TestNG.runSuitesSequentially(TestNG.java:1224)
	at org.testng.TestNG.runSuitesLocally(TestNG.java:1149)
	at org.testng.TestNG.run(TestNG.java:1057)
	at org.testng.remote.RemoteTestNG.run(RemoteTestNG.java:111)
	at org.testng.remote.RemoteTestNG.initAndRun(RemoteTestNG.java:204)
	at org.testng.remote.RemoteTestNG.main(RemoteTestNG.java:175)
]]>
            </full-stacktrace>
          </exception> <!-- java.lang.IndexOutOfBoundsException -->
          <reporter-output>
          </reporter-output>
        </test-method> <!-- run -->
        <test-method status="PASS" signature="addScreenshot(org.testng.ITestResult)[pri:0, instance:bots.disco.DiscoBot@5a4fdf11]" name="addScreenshot" is-config="true" duration-ms="344" started-at="2015-04-26T21:36:45Z" finished-at="2015-04-26T21:36:45Z">
          <params>
            <param index="0">
              <value>
                <![CDATA[[TestResult name=run status=FAILURE method=DiscoBot.run()[pri:0, instance:bots.disco.DiscoBot@5a4fdf11] output={null}]]]>
              </value>
            </param>
          </params>
          <reporter-output>
          </reporter-output>
        </test-method> <!-- addScreenshot -->
        <test-method status="PASS" signature="logPossibleUsefulData(org.testng.ITestResult)[pri:0, instance:bots.disco.DiscoBot@5a4fdf11]" name="logPossibleUsefulData" is-config="true" duration-ms="11" started-at="2015-04-26T21:36:45Z" finished-at="2015-04-26T21:36:45Z">
          <params>
            <param index="0">
              <value>
                <![CDATA[[TestResult name=run status=FAILURE method=DiscoBot.run()[pri:0, instance:bots.disco.DiscoBot@5a4fdf11] output={null}]]]>
              </value>
            </param>
          </params>
          <reporter-output>
          </reporter-output>
        </test-method> <!-- logPossibleUsefulData -->
        <test-method status="PASS" signature="closeDriver()[pri:0, instance:bots.disco.DiscoBot@5a4fdf11]" name="closeDriver" is-config="true" duration-ms="1370" started-at="2015-04-26T21:36:45Z" finished-at="2015-04-26T21:36:46Z">
          <reporter-output>
          </reporter-output>
        </test-method> <!-- closeDriver -->
      </class> <!-- bots.disco.DiscoBot -->
    </test> <!-- Disco -->
  </suite> <!-- Disco -->
</testng-results>
