<?xml version="1.0" encoding="UTF-8"?>
<!-- Generated by org.testng.reporters.JUnitXMLReporter -->
<testsuite hostname="Irene-PC" name="Coto" tests="1" failures="0" timestamp="2 Apr 2015 19:42:48 GMT" time="0.138" errors="0">
  <testcase name="@BeforeTest openDriver" time="0.0" classname="services.coto.CotoBot">
    <failure type="java.lang.IllegalStateException" message="The driver executable does not exist: C:\Users\Irene\Documents\Dani\Programas\Workspace\SuperAhorro\GIT\SuperAhorro\services\chromedriver.exe">
      <![CDATA[java.lang.IllegalStateException: The driver executable does not exist: C:\Users\Irene\Documents\Dani\Programas\Workspace\SuperAhorro\GIT\SuperAhorro\services\chromedriver.exe
	at com.google.common.base.Preconditions.checkState(Preconditions.java:197)
	at org.openqa.selenium.remote.service.DriverService.checkExecutable(DriverService.java:117)
	at org.openqa.selenium.remote.service.DriverService.findExecutable(DriverService.java:112)
	at org.openqa.selenium.chrome.ChromeDriverService.createDefaultService(ChromeDriverService.java:89)
	at org.openqa.selenium.chrome.ChromeDriver.<init>(ChromeDriver.java:117)
	at configuration.ConfigurationLoaderGui.openDriver(ConfigurationLoaderGui.java:19)
... Removed 22 stack frames]]>
    </failure>
  </testcase> <!-- @BeforeTest openDriver -->
  <testcase name="@AfterTest closeDriver" time="0.0" classname="services.coto.CotoBot">
    <skipped/>
  </testcase> <!-- @AfterTest closeDriver -->
  <testcase name="run" time="0.0020" classname="services.coto.CotoBot">
    <skipped/>
  </testcase> <!-- run -->
</testsuite> <!-- Coto -->
