<?xml version="1.0" encoding="UTF-8"?>
<!-- Generated by org.testng.reporters.JUnitXMLReporter -->
<testsuite hostname="Irene-PC" name="Vea" tests="1" failures="1" timestamp="3 Apr 2015 02:55:21 GMT" time="1530.449" errors="0">
  <testcase name="run" time="1525.68" classname="services.vea.VeaBot">
    <failure type="java.lang.NullPointerException">
      <![CDATA[java.lang.NullPointerException
	at pages.superMarkets.vea.VeaProductsPage.setProduct(VeaProductsPage.java:39)
	at pages.superMarkets.vea.VeaProductsPage.setAllProductsFromPage(VeaProductsPage.java:62)
	at pages.superMarkets.vea.VeaProductsPage.setAllProductsFromSubCategory(VeaProductsPage.java:70)
	at pages.superMarkets.vea.VeaProductsPage.setAllProductsFromCategory(VeaProductsPage.java:91)
	at pages.superMarkets.vea.VeaProductsPage.setAllProductsFromCategory(VeaProductsPage.java:89)
	at pages.superMarkets.vea.VeaProductsPage.setAllProducts(VeaProductsPage.java:115)
	at services.vea.VeaBot.run(VeaBot.java:25)
... Removed 24 stack frames]]>
    </failure>
  </testcase> <!-- run -->
</testsuite> <!-- Vea -->
